<?xml version="1.0" encoding="UTF-8"?>
<!-- Generated by org.testng.reporters.JUnitXMLReporter -->
<testsuite hostname="WIN031-MADHU" ignored="0" name="Default test" tests="2" failures="0" timestamp="27 Mar 2018 11:11:59 GMT" time="15.409" errors="0">
  <testcase name="testLogin" time="4.031" classname="com.rda.automation.testAutomation.homepage.TC004_VerifyLoginWithDiffferentRecords"/>
  <testcase name="testLogin" time="0.001" classname="com.rda.automation.testAutomation.homepage.TC004_VerifyLoginWithDiffferentRecords">
    <skipped/>
  </testcase> <!-- testLogin -->
</testsuite> <!-- Default test -->
