<?xml version="1.0" encoding="UTF-8"?>
<testng-results skipped="0" failed="0" ignored="0" total="1" passed="1">
  <reporter-output>
  </reporter-output>
  <suite name="UploadImage" duration-ms="1060" started-at="2018-04-30T09:43:20Z" finished-at="2018-04-30T09:43:21Z">
    <groups>
    </groups>
    <test name="UploadImage" duration-ms="1060" started-at="2018-04-30T09:43:20Z" finished-at="2018-04-30T09:43:21Z">
      <class name="com.rda.automation.testAutomation.excelReader.Exp">
        <test-method status="PASS" signature="readFolder(java.lang.String, java.lang.String)[pri:0, instance:com.rda.automation.testAutomation.excelReader.Exp@3e6fa38a]" name="readFolder" duration-ms="1035" started-at="2018-04-30T15:13:20Z" finished-at="2018-04-30T15:13:21Z">
          <params>
            <param index="0">
              <value>
                <![CDATA[C:\\Users\\Madhu Veeranna\\Downloads\\Health\\BSD.xlsx]]>
              </value>
            </param>
            <param index="1">
              <value>
                <![CDATA[Broken]]>
              </value>
            </param>
          </params>
          <reporter-output>
          </reporter-output>
        </test-method> <!-- readFolder -->
      </class> <!-- com.rda.automation.testAutomation.excelReader.Exp -->
    </test> <!-- UploadImage -->
  </suite> <!-- UploadImage -->
</testng-results>
